{
  "stats": {
    "suites": 2,
    "tests": 16,
    "passes": 16,
    "pending": 0,
    "failures": 0,
    "start": "2025-05-26T06:46:24.863Z",
    "end": "2025-05-26T06:46:25.059Z",
    "duration": 196,
    "testsRegistered": 16,
    "passPercent": 100,
    "pendingPercent": 0,
    "other": 0,
    "hasOther": false,
    "skipped": 0,
    "hasSkipped": false
  },
  "results": [
    {
      "uuid": "12cfde77-6de1-4a6e-8d82-ff97bf640937",
      "title": "",
      "fullFile": "",
      "file": "",
      "beforeHooks": [],
      "afterHooks": [],
      "tests": [],
      "suites": [
        {
          "uuid": "7badc897-6064-4a89-b2c1-413d027533f7",
          "title": "Item API Integration Tests",
          "fullFile": "/Users/abhverma18/Desktop/Sample-Projects/Automation-setup-nodejs/node-adv-upskilling-session-3/tests/item.test.js",
          "file": "/tests/item.test.js",
          "beforeHooks": [
            {
              "title": "\"before each\" hook in \"Item API Integration Tests\"",
              "fullTitle": "Item API Integration Tests \"before each\" hook in \"Item API Integration Tests\"",
              "timedOut": false,
              "duration": 1,
              "state": null,
              "speed": null,
              "pass": false,
              "fail": false,
              "pending": false,
              "context": null,
              "code": "await mongoose.connection.db.dropCollection(\"items\").catch(() => {});",
              "err": {},
              "uuid": "e0094ea4-42ef-4907-9a00-ae7b365eecdb",
              "parentUUID": "7badc897-6064-4a89-b2c1-413d027533f7",
              "isHook": true,
              "skipped": false
            }
          ],
          "afterHooks": [
            {
              "title": "\"after all\" hook in \"Item API Integration Tests\"",
              "fullTitle": "Item API Integration Tests \"after all\" hook in \"Item API Integration Tests\"",
              "timedOut": false,
              "duration": 1,
              "state": null,
              "speed": null,
              "pass": false,
              "fail": false,
              "pending": false,
              "context": null,
              "code": "await mongoose.connection.close();",
              "err": {},
              "uuid": "e7912425-d86b-46fb-954e-4e9f07b9b900",
              "parentUUID": "7badc897-6064-4a89-b2c1-413d027533f7",
              "isHook": true,
              "skipped": false
            }
          ],
          "tests": [
            {
              "title": "GET /_healthz → should return status 200",
              "fullTitle": "Item API Integration Tests GET /_healthz → should return status 200",
              "timedOut": false,
              "duration": 12,
              "state": "passed",
              "speed": "fast",
              "pass": true,
              "fail": false,
              "pending": false,
              "context": null,
              "code": "const res = await request(app.callback()).get(\"/_healthz\");\nexpect(res.status).to.equal(200);\nexpect(res.body).to.deep.equal({ status: \"Ok\", message: \"Ok\" });",
              "err": {},
              "uuid": "d5ea9b30-44dd-406f-83e4-da64bdf808cf",
              "parentUUID": "7badc897-6064-4a89-b2c1-413d027533f7",
              "isHook": false,
              "skipped": false
            },
            {
              "title": "POST /items → should create an item",
              "fullTitle": "Item API Integration Tests POST /items → should create an item",
              "timedOut": false,
              "duration": 36,
              "state": "passed",
              "speed": "fast",
              "pass": true,
              "fail": false,
              "pending": false,
              "context": null,
              "code": "const res = await request(app.callback())\n  .post(\"/items\")\n  .send({ name: \"Test Item\" });\nexpect(res.status).to.equal(201);\nexpect(res.body).to.have.property(\"_id\");\nexpect(res.body.name).to.equal(\"Test Item\");",
              "err": {},
              "uuid": "5bf59365-0e17-4589-852f-658eaec9909c",
              "parentUUID": "7badc897-6064-4a89-b2c1-413d027533f7",
              "isHook": false,
              "skipped": false
            },
            {
              "title": "GET /items → should return an array of items",
              "fullTitle": "Item API Integration Tests GET /items → should return an array of items",
              "timedOut": false,
              "duration": 37,
              "state": "passed",
              "speed": "fast",
              "pass": true,
              "fail": false,
              "pending": false,
              "context": null,
              "code": "await request(app.callback()).post(\"/items\").send({ name: \"Item 1\" });\nawait request(app.callback()).post(\"/items\").send({ name: \"Item 2\" });\nconst res = await request(app.callback()).get(\"/items\");\nexpect(res.status).to.equal(200);\nexpect(res.body).to.be.an(\"array\");\nexpect(res.body.length).to.equal(2);",
              "err": {},
              "uuid": "fdfa86d5-8a7b-402e-a809-b0f228a9e6d7",
              "parentUUID": "7badc897-6064-4a89-b2c1-413d027533f7",
              "isHook": false,
              "skipped": false
            },
            {
              "title": "GET /items/:id → should return a specific item",
              "fullTitle": "Item API Integration Tests GET /items/:id → should return a specific item",
              "timedOut": false,
              "duration": 29,
              "state": "passed",
              "speed": "fast",
              "pass": true,
              "fail": false,
              "pending": false,
              "context": null,
              "code": "const createRes = await request(app.callback())\n  .post(\"/items\")\n  .send({ name: \"Integration Test Item\" });\nconst itemId = createRes.body._id;\nconst res = await request(app.callback()).get(`/items/${itemId}`);\nexpect(res.status).to.equal(200);\nexpect(res.body).to.have.property(\"_id\", itemId);\nexpect(res.body.name).to.equal(\"Integration Test Item\");",
              "err": {},
              "uuid": "8881665e-63da-4caf-871e-4f3714208074",
              "parentUUID": "7badc897-6064-4a89-b2c1-413d027533f7",
              "isHook": false,
              "skipped": false
            },
            {
              "title": "GET /items/:id → should return 404 for non-existing item",
              "fullTitle": "Item API Integration Tests GET /items/:id → should return 404 for non-existing item",
              "timedOut": false,
              "duration": 2,
              "state": "passed",
              "speed": "fast",
              "pass": true,
              "fail": false,
              "pending": false,
              "context": null,
              "code": "const res = await request(app.callback()).get(\n  `/items/666666666666666666666666`\n);\nexpect(res.status).to.equal(404);",
              "err": {},
              "uuid": "75171ca2-fe3d-4f36-b191-85a316027d9f",
              "parentUUID": "7badc897-6064-4a89-b2c1-413d027533f7",
              "isHook": false,
              "skipped": false
            },
            {
              "title": "PUT /items/:id → should update the item",
              "fullTitle": "Item API Integration Tests PUT /items/:id → should update the item",
              "timedOut": false,
              "duration": 31,
              "state": "passed",
              "speed": "fast",
              "pass": true,
              "fail": false,
              "pending": false,
              "context": null,
              "code": "const createRes = await request(app.callback())\n  .post(\"/items\")\n  .send({ name: \"Old Name\" });\nconst itemId = createRes.body._id;\nconst res = await request(app.callback())\n  .put(`/items/${itemId}`)\n  .send({ name: \"Updated Name\" });\nexpect(res.status).to.equal(200);\nexpect(res.body.name).to.equal(\"Updated Name\");",
              "err": {},
              "uuid": "f4397ece-8ecc-447b-98a2-823cc5439c9e",
              "parentUUID": "7badc897-6064-4a89-b2c1-413d027533f7",
              "isHook": false,
              "skipped": false
            },
            {
              "title": "DELETE /items/:id → should delete the item",
              "fullTitle": "Item API Integration Tests DELETE /items/:id → should delete the item",
              "timedOut": false,
              "duration": 31,
              "state": "passed",
              "speed": "fast",
              "pass": true,
              "fail": false,
              "pending": false,
              "context": null,
              "code": "const createRes = await request(app.callback())\n  .post(\"/items\")\n  .send({ name: \"To be deleted\" });\nconst itemId = createRes.body._id;\nconst res = await request(app.callback()).delete(`/items/${itemId}`);\nexpect(res.status).to.equal(204);",
              "err": {},
              "uuid": "1c026e1c-715f-4468-8b0e-33d1bd78c60d",
              "parentUUID": "7badc897-6064-4a89-b2c1-413d027533f7",
              "isHook": false,
              "skipped": false
            }
          ],
          "suites": [],
          "passes": [
            "d5ea9b30-44dd-406f-83e4-da64bdf808cf",
            "5bf59365-0e17-4589-852f-658eaec9909c",
            "fdfa86d5-8a7b-402e-a809-b0f228a9e6d7",
            "8881665e-63da-4caf-871e-4f3714208074",
            "75171ca2-fe3d-4f36-b191-85a316027d9f",
            "f4397ece-8ecc-447b-98a2-823cc5439c9e",
            "1c026e1c-715f-4468-8b0e-33d1bd78c60d"
          ],
          "failures": [],
          "pending": [],
          "skipped": [],
          "duration": 178,
          "root": false,
          "rootEmpty": false,
          "_timeout": 10000
        },
        {
          "uuid": "e0069c64-e877-491a-ae7e-4e43cd6527d8",
          "title": "Item Controller Unit Tests",
          "fullFile": "/Users/abhverma18/Desktop/Sample-Projects/Automation-setup-nodejs/node-adv-upskilling-session-3/tests/itemController.unit.test.js",
          "file": "/tests/itemController.unit.test.js",
          "beforeHooks": [
            {
              "title": "\"before each\" hook in \"Item Controller Unit Tests\"",
              "fullTitle": "Item Controller Unit Tests \"before each\" hook in \"Item Controller Unit Tests\"",
              "timedOut": false,
              "duration": 0,
              "state": null,
              "speed": null,
              "pass": false,
              "fail": false,
              "pending": false,
              "context": null,
              "code": "ctx = {\n  status: null,\n  body: null,\n  params: {},\n  request: { body: {} },\n  throw: function (status, message) {\n    const err = new Error(message);\n    err.status = status;\n    throw err;\n  },\n};",
              "err": {},
              "uuid": "08a3b80c-4aeb-4ef1-94ff-e4cc258b7eb8",
              "parentUUID": "e0069c64-e877-491a-ae7e-4e43cd6527d8",
              "isHook": true,
              "skipped": false
            }
          ],
          "afterHooks": [
            {
              "title": "\"after each\" hook in \"Item Controller Unit Tests\"",
              "fullTitle": "Item Controller Unit Tests \"after each\" hook in \"Item Controller Unit Tests\"",
              "timedOut": false,
              "duration": 0,
              "state": null,
              "speed": null,
              "pass": false,
              "fail": false,
              "pending": false,
              "context": null,
              "code": "sinon.restore(); // restore all stubs after each test",
              "err": {},
              "uuid": "bf981503-94d2-48f9-9197-cd6326728ea6",
              "parentUUID": "e0069c64-e877-491a-ae7e-4e43cd6527d8",
              "isHook": true,
              "skipped": false
            }
          ],
          "tests": [
            {
              "title": "healthCheck should set status 200 and proper body",
              "fullTitle": "Item Controller Unit Tests healthCheck should set status 200 and proper body",
              "timedOut": false,
              "duration": 0,
              "state": "passed",
              "speed": "fast",
              "pass": true,
              "fail": false,
              "pending": false,
              "context": null,
              "code": "await itemController.healthCheck(ctx);\nexpect(ctx.status).to.equal(200);\nexpect(ctx.body).to.deep.equal({ status: \"Ok\", message: \"Ok\" });",
              "err": {},
              "uuid": "36590273-b999-4b5f-8b38-355619d8887e",
              "parentUUID": "e0069c64-e877-491a-ae7e-4e43cd6527d8",
              "isHook": false,
              "skipped": false
            },
            {
              "title": "getAllItems should set body with all items",
              "fullTitle": "Item Controller Unit Tests getAllItems should set body with all items",
              "timedOut": false,
              "duration": 1,
              "state": "passed",
              "speed": "fast",
              "pass": true,
              "fail": false,
              "pending": false,
              "context": null,
              "code": "const fakeItems = [{ name: \"item1\" }, { name: \"item2\" }];\nsinon.stub(Item, \"find\").resolves(fakeItems);\nawait itemController.getAllItems(ctx);\nexpect(ctx.body).to.equal(fakeItems);",
              "err": {},
              "uuid": "3d9ffa07-dcc0-4102-af78-4b9a36e9f5ec",
              "parentUUID": "e0069c64-e877-491a-ae7e-4e43cd6527d8",
              "isHook": false,
              "skipped": false
            },
            {
              "title": "getItemById should set body when item found",
              "fullTitle": "Item Controller Unit Tests getItemById should set body when item found",
              "timedOut": false,
              "duration": 1,
              "state": "passed",
              "speed": "fast",
              "pass": true,
              "fail": false,
              "pending": false,
              "context": null,
              "code": "const fakeItem = { _id: \"123\", name: \"item1\" };\nsinon.stub(Item, \"findById\").resolves(fakeItem);\nctx.params.id = \"123\";\nawait itemController.getItemById(ctx);\nexpect(ctx.body).to.equal(fakeItem);",
              "err": {},
              "uuid": "215f8082-f77f-4129-b1c7-342049514d12",
              "parentUUID": "e0069c64-e877-491a-ae7e-4e43cd6527d8",
              "isHook": false,
              "skipped": false
            },
            {
              "title": "getItemById should throw 404 when item not found",
              "fullTitle": "Item Controller Unit Tests getItemById should throw 404 when item not found",
              "timedOut": false,
              "duration": 0,
              "state": "passed",
              "speed": "fast",
              "pass": true,
              "fail": false,
              "pending": false,
              "context": null,
              "code": "sinon.stub(Item, \"findById\").resolves(null);\nctx.params.id = \"123\";\ntry {\n  await itemController.getItemById(ctx);\n  throw new Error(\"Expected to throw 404 but did not\");\n} catch (err) {\n  expect(err.status).to.equal(404);\n  expect(err.message).to.equal(\"Item not found\");\n}",
              "err": {},
              "uuid": "1cf841c9-bdf3-4a41-9c93-cb9042e4eca8",
              "parentUUID": "e0069c64-e877-491a-ae7e-4e43cd6527d8",
              "isHook": false,
              "skipped": false
            },
            {
              "title": "createItem should save and set body/status",
              "fullTitle": "Item Controller Unit Tests createItem should save and set body/status",
              "timedOut": false,
              "duration": 0,
              "state": "passed",
              "speed": "fast",
              "pass": true,
              "fail": false,
              "pending": false,
              "context": null,
              "code": "const fakeItem = { name: \"item1\", save: sinon.stub().resolvesThis() };\nsinon.stub(Item.prototype, \"save\").resolves(fakeItem);\nctx.request.body = { name: \"item1\" };\nawait itemController.createItem(ctx);\nexpect(ctx.body).to.equal(fakeItem);\nexpect(ctx.status).to.equal(201);",
              "err": {},
              "uuid": "03ac2353-bc03-4a20-a396-b701d99951ca",
              "parentUUID": "e0069c64-e877-491a-ae7e-4e43cd6527d8",
              "isHook": false,
              "skipped": false
            },
            {
              "title": "updateItem should update and set body when found",
              "fullTitle": "Item Controller Unit Tests updateItem should update and set body when found",
              "timedOut": false,
              "duration": 0,
              "state": "passed",
              "speed": "fast",
              "pass": true,
              "fail": false,
              "pending": false,
              "context": null,
              "code": "const fakeUpdatedItem = { _id: \"123\", name: \"updated\" };\nsinon.stub(Item, \"findByIdAndUpdate\").resolves(fakeUpdatedItem);\nctx.params.id = \"123\";\nctx.request.body = { name: \"updated\" };\nawait itemController.updateItem(ctx);\nexpect(ctx.body).to.equal(fakeUpdatedItem);",
              "err": {},
              "uuid": "01c0fcd3-a41a-4b75-9436-2597cd46a92b",
              "parentUUID": "e0069c64-e877-491a-ae7e-4e43cd6527d8",
              "isHook": false,
              "skipped": false
            },
            {
              "title": "updateItem should throw 404 when not found",
              "fullTitle": "Item Controller Unit Tests updateItem should throw 404 when not found",
              "timedOut": false,
              "duration": 0,
              "state": "passed",
              "speed": "fast",
              "pass": true,
              "fail": false,
              "pending": false,
              "context": null,
              "code": "sinon.stub(Item, \"findByIdAndUpdate\").resolves(null);\nctx.params.id = \"123\";\nctx.request.body = { name: \"updated\" };\ntry {\n  await itemController.updateItem(ctx);\n  throw new Error(\"Expected to throw 404 but did not\");\n} catch (err) {\n  expect(err.status).to.equal(404);\n  expect(err.message).to.equal(\"Item not found\");\n}",
              "err": {},
              "uuid": "ab3922bd-a087-4b11-befb-d7df1f615100",
              "parentUUID": "e0069c64-e877-491a-ae7e-4e43cd6527d8",
              "isHook": false,
              "skipped": false
            },
            {
              "title": "deleteItem should set status 204 when deleted",
              "fullTitle": "Item Controller Unit Tests deleteItem should set status 204 when deleted",
              "timedOut": false,
              "duration": 0,
              "state": "passed",
              "speed": "fast",
              "pass": true,
              "fail": false,
              "pending": false,
              "context": null,
              "code": "sinon.stub(Item, \"findByIdAndDelete\").resolves({ _id: \"123\" });\nctx.params.id = \"123\";\nawait itemController.deleteItem(ctx);\nexpect(ctx.status).to.equal(204);",
              "err": {},
              "uuid": "1bab40d5-f0ec-4c1e-a436-1116e6424621",
              "parentUUID": "e0069c64-e877-491a-ae7e-4e43cd6527d8",
              "isHook": false,
              "skipped": false
            },
            {
              "title": "deleteItem should throw 404 when not found",
              "fullTitle": "Item Controller Unit Tests deleteItem should throw 404 when not found",
              "timedOut": false,
              "duration": 1,
              "state": "passed",
              "speed": "fast",
              "pass": true,
              "fail": false,
              "pending": false,
              "context": null,
              "code": "sinon.stub(Item, \"findByIdAndDelete\").resolves(null);\nctx.params.id = \"123\";\ntry {\n  await itemController.deleteItem(ctx);\n  throw new Error(\"Expected to throw 404 but did not\");\n} catch (err) {\n  expect(err.status).to.equal(404);\n  expect(err.message).to.equal(\"Item not found\");\n}",
              "err": {},
              "uuid": "754da993-9c08-40f8-99c0-b2e711f539e2",
              "parentUUID": "e0069c64-e877-491a-ae7e-4e43cd6527d8",
              "isHook": false,
              "skipped": false
            }
          ],
          "suites": [],
          "passes": [
            "36590273-b999-4b5f-8b38-355619d8887e",
            "3d9ffa07-dcc0-4102-af78-4b9a36e9f5ec",
            "215f8082-f77f-4129-b1c7-342049514d12",
            "1cf841c9-bdf3-4a41-9c93-cb9042e4eca8",
            "03ac2353-bc03-4a20-a396-b701d99951ca",
            "01c0fcd3-a41a-4b75-9436-2597cd46a92b",
            "ab3922bd-a087-4b11-befb-d7df1f615100",
            "1bab40d5-f0ec-4c1e-a436-1116e6424621",
            "754da993-9c08-40f8-99c0-b2e711f539e2"
          ],
          "failures": [],
          "pending": [],
          "skipped": [],
          "duration": 3,
          "root": false,
          "rootEmpty": false,
          "_timeout": 10000
        }
      ],
      "passes": [],
      "failures": [],
      "pending": [],
      "skipped": [],
      "duration": 0,
      "root": true,
      "rootEmpty": true,
      "_timeout": 10000
    }
  ],
  "meta": {
    "mocha": {
      "version": "11.5.0"
    },
    "mochawesome": {
      "options": {
        "quiet": false,
        "reportFilename": "mochawesome",
        "saveHtml": true,
        "saveJson": true,
        "consoleReporter": "spec",
        "useInlineDiffs": false,
        "code": true
      },
      "version": "7.1.3"
    },
    "marge": {
      "options": null,
      "version": "6.2.0"
    }
  }
}